d2-d4 (LONG_MOVE)
f7-f6 (QUIET_MOVE)
d2-d4 (LONG_MOVE)
d2-d4 (LONG_MOVE)
d2-d4 (LONG_MOVE)
d2-d4 (LONG_MOVE)
e7-e6 (QUIET_MOVE)
b1-c3 (QUIET_MOVE)
f8-b4 (QUIET_MOVE)
d1-d2 (QUIET_MOVE)
g8-f6 (QUIET_MOVE)
f2-f3 (QUIET_MOVE)
e8-g8 (SHORT_CASTLING)
d2-d3 (QUIET_MOVE)
f6-d5 (QUIET_MOVE)
e1-f2 (QUIET_MOVE)
b4-c3 (ATTACK)
b2-c3 (ATTACK)
d7-d6 (QUIET_MOVE)
a1-b1 (QUIET_MOVE)
c7-c6 (QUIET_MOVE)
e2-e4 (LONG_MOVE)
d5-c7 (QUIET_MOVE)
g2-g3 (QUIET_MOVE)
h7-h5 (LONG_MOVE)
f1-h3 (QUIET_MOVE)
h5-h4 (QUIET_MOVE)
